\BOOKMARK [1][-]{section.1}{Introduction}{}
\BOOKMARK [1][-]{section.2}{User-level Environment Creation and Cooperative Multitasking}{}
\BOOKMARK [2][-]{subsection.2.1}{Round-Robin Scheduling}{section.2}
\BOOKMARK [2][-]{subsection.2.2}{System Calls for Environment Creation}{section.2}
\BOOKMARK [1][-]{section.3}{Copy-on-Write Fork}{}
\BOOKMARK [2][-]{subsection.3.1}{User-level page fault handling}{section.3}
\BOOKMARK [3][-]{subsubsection.3.1.1}{Setting the Page Fault Handler}{subsection.3.1}
\BOOKMARK [3][-]{subsubsection.3.1.2}{Normal and Exception Stacks in User Environments}{subsection.3.1}
\BOOKMARK [3][-]{subsubsection.3.1.3}{Invoking the User Page Fault Handler}{subsection.3.1}
\BOOKMARK [3][-]{subsubsection.3.1.4}{User-mode Page Fault Entrypoint}{subsection.3.1}
\BOOKMARK [3][-]{subsubsection.3.1.5}{Testing}{subsection.3.1}
\BOOKMARK [2][-]{subsection.3.2}{Implementing Copy-on-Write Fork}{section.3}
\BOOKMARK [1][-]{section.4}{Preemptive Multitasking and Inter-Process communication \(IPC\)}{}
\BOOKMARK [2][-]{subsection.4.1}{Clock Interrupts and Preemption}{section.4}
\BOOKMARK [3][-]{subsubsection.4.1.1}{Interrupt discipline}{subsection.4.1}
\BOOKMARK [3][-]{subsubsection.4.1.2}{Handling Clock Interrupts}{subsection.4.1}
\BOOKMARK [2][-]{subsection.4.2}{Inter-Process communication \(IPC\)}{section.4}
\BOOKMARK [3][-]{subsubsection.4.2.1}{IPC in JOS}{subsection.4.2}
\BOOKMARK [3][-]{subsubsection.4.2.2}{Sending and Receiving Messages}{subsection.4.2}
\BOOKMARK [3][-]{subsubsection.4.2.3}{Transferring Pages}{subsection.4.2}
\BOOKMARK [3][-]{subsubsection.4.2.4}{Implementing IPC}{subsection.4.2}
