
obj/kern/kernel:     file format elf32-i386

Contents of .stab section:

Symnum n_type n_othr n_desc n_value  n_strx String

-1     HdrSym 0      1251   00001993 1     
0      SO     0      0      f0100000 1      {standard input}
1      SOL    0      0      f010000c 18     kern/entry.S
2      SLINE  0      44     f010000c 0      
3      SLINE  0      47     f0100015 0      
4      SLINE  0      51     f010001c 0      
5      SLINE  0      52     f0100021 0      
6      SLINE  0      53     f0100023 0      
7      SLINE  0      54     f0100025 0      
8      SLINE  0      55     f0100027 0      
9      SLINE  0      61     f010002e 0      
10     SLINE  0      64     f0100033 0      
11     SLINE  0      67     f0100038 0      
12     SLINE  0      70     f010003d 0      
13     SO     0      2      f0100040 31     kern/init.c
14     OPT    0      0      00000000 43     gcc2_compiled.
15     LSYM   0      0      00000000 58     int:t(0,1)=r(0,1);-2147483648;2147483647;
16     LSYM   0      0      00000000 100    char:t(0,2)=r(0,2);0;127;
17     LSYM   0      0      00000000 126    long int:t(0,3)=r(0,3);-2147483648;2147483647;
18     LSYM   0      0      00000000 173    unsigned int:t(0,4)=r(0,4);0;4294967295;
19     LSYM   0      0      00000000 214    long unsigned int:t(0,5)=r(0,5);0;4294967295;
20     LSYM   0      0      00000000 260    long long int:t(0,6)=r(0,6);-0;4294967295;
21     LSYM   0      0      00000000 303    long long unsigned int:t(0,7)=r(0,7);0;-1;
22     LSYM   0      0      00000000 346    short int:t(0,8)=r(0,8);-32768;32767;
23     LSYM   0      0      00000000 384    short unsigned int:t(0,9)=r(0,9);0;65535;
24     LSYM   0      0      00000000 426    signed char:t(0,10)=r(0,10);-128;127;
25     LSYM   0      0      00000000 464    unsigned char:t(0,11)=r(0,11);0;255;
26     LSYM   0      0      00000000 501    float:t(0,12)=r(0,1);4;0;
27     LSYM   0      0      00000000 527    double:t(0,13)=r(0,1);8;0;
28     LSYM   0      0      00000000 554    long double:t(0,14)=r(0,1);12;0;
29     LSYM   0      0      00000000 587    _Decimal32:t(0,15)=r(0,1);4;0;
30     LSYM   0      0      00000000 618    _Decimal64:t(0,16)=r(0,1);8;0;
31     LSYM   0      0      00000000 649    _Decimal128:t(0,17)=r(0,1);16;0;
32     LSYM   0      0      00000000 682    void:t(0,18)=(0,18)
33     BINCL  0      0      00000000 702    ./inc/stdio.h
34     BINCL  0      0      00000650 716    ./inc/stdarg.h
35     LSYM   0      0      00000000 731    va_list:t(2,1)=(2,2)=*(0,2)
36     EINCL  0      0      00000000 0      
37     EINCL  0      0      00000000 0      
38     BINCL  0      0      00000000 759    ./inc/string.h
39     BINCL  0      0      00005337 774    ./inc/types.h
40     LSYM   0      0      00000000 788    bool:t(4,1)=(0,1)
41     LSYM   0      0      00000000 806    int8_t:t(4,2)=(0,10)
42     LSYM   0      0      00000000 827    uint8_t:t(4,3)=(0,11)
43     LSYM   0      0      00000000 849    int16_t:t(4,4)=(0,8)
44     LSYM   0      0      00000000 870    uint16_t:t(4,5)=(0,9)
45     LSYM   0      0      00000000 892    int32_t:t(4,6)=(0,1)
46     LSYM   0      0      00000000 913    uint32_t:t(4,7)=(0,4)
47     LSYM   0      0      00000000 935    int64_t:t(4,8)=(0,6)
48     LSYM   0      0      00000000 956    uint64_t:t(4,9)=(0,7)
49     LSYM   0      0      00000000 978    intptr_t:t(4,10)=(4,6)
50     LSYM   0      0      00000000 1001   uintptr_t:t(4,11)=(4,7)
51     LSYM   0      0      00000000 1025   physaddr_t:t(4,12)=(4,7)
52     LSYM   0      0      00000000 1050   ppn_t:t(4,13)=(4,7)
53     LSYM   0      0      00000000 1070   size_t:t(4,14)=(4,7)
54     LSYM   0      0      00000000 1091   ssize_t:t(4,15)=(4,6)
55     LSYM   0      0      00000000 1113   off_t:t(4,16)=(4,6)
56     EINCL  0      0      00000000 0      
57     EINCL  0      0      00000000 0      
58     FUN    0      0      f0100040 1133   _warn:F(0,18)
59     PSYM   0      0      00000008 1147   file:p(0,19)=*(0,2)
60     PSYM   0      0      0000000c 1167   line:p(0,1)
61     PSYM   0      0      00000010 1179   fmt:p(0,19)
62     SLINE  0      87     00000000 0      
63     SLINE  0      91     00000006 0      
64     SLINE  0      92     00000020 0      
65     SLINE  0      93     00000032 0      
66     SLINE  0      95     0000003e 0      
67     RSYM   0      0      00000000 1191   file:r(0,19)
68     RSYM   0      0      00000000 1204   line:r(0,1)
69     FUN    0      0      f0100080 1216   _panic:F(0,18)
70     PSYM   0      0      00000008 1231   file:p(0,19)
71     PSYM   0      0      0000000c 1167   line:p(0,1)
72     PSYM   0      0      00000010 1179   fmt:p(0,19)
73     SLINE  0      65     00000000 0      
74     SLINE  0      68     00000006 0      
75     SLINE  0      70     0000000f 0      
76     SLINE  0      73     00000017 0      
77     SLINE  0      74     00000031 0      
78     SLINE  0      75     00000043 0      
79     SLINE  0      81     0000004f 0      
80     RSYM   0      0      00000000 1191   file:r(0,19)
81     RSYM   0      0      00000000 1204   line:r(0,1)
82     FUN    0      0      f01000dd 1244   test_backtrace:F(0,18)
83     PSYM   0      0      00000008 1267   x:p(0,1)
84     SLINE  0      13     00000000 0      
85     SLINE  0      14     0000000a 0      
86     SLINE  0      15     0000001a 0      
87     SLINE  0      16     0000001e 0      
88     SLINE  0      18     0000002b 0      
89     SLINE  0      19     00000047 0      
90     SLINE  0      20     00000057 0      
91     RSYM   0      0      00000003 1276   x:r(0,1)
92     FUN    0      0      f010013a 1285   i386_init:F(0,18)
93     SLINE  0      24     00000000 0      
94     SLINE  0      30     00000006 0      
95     SLINE  0      34     00000028 0      
96     SLINE  0      36     0000002d 0      
97     SLINE  0      45     00000041 0      
98     SLINE  0      49     0000004d 0      
99     LCSYM  0      0      f0110320 1303   panicstr:S(0,19)
100    SO     0      0      f0100195 0      
101    SO     0      2      f01001a0 1320   kern/console.c
102    OPT    0      0      00000000 43     gcc2_compiled.
103    LSYM   0      0      00000000 58     int:t(0,1)=r(0,1);-2147483648;2147483647;
104    LSYM   0      0      00000000 100    char:t(0,2)=r(0,2);0;127;
105    LSYM   0      0      00000000 126    long int:t(0,3)=r(0,3);-2147483648;2147483647;
106    LSYM   0      0      00000000 173    unsigned int:t(0,4)=r(0,4);0;4294967295;
107    LSYM   0      0      00000000 214    long unsigned int:t(0,5)=r(0,5);0;4294967295;
108    LSYM   0      0      00000000 260    long long int:t(0,6)=r(0,6);-0;4294967295;
109    LSYM   0      0      00000000 303    long long unsigned int:t(0,7)=r(0,7);0;-1;
110    LSYM   0      0      00000000 346    short int:t(0,8)=r(0,8);-32768;32767;
111    LSYM   0      0      00000000 384    short unsigned int:t(0,9)=r(0,9);0;65535;
112    LSYM   0      0      00000000 426    signed char:t(0,10)=r(0,10);-128;127;
113    LSYM   0      0      00000000 464    unsigned char:t(0,11)=r(0,11);0;255;
114    LSYM   0      0      00000000 501    float:t(0,12)=r(0,1);4;0;
115    LSYM   0      0      00000000 527    double:t(0,13)=r(0,1);8;0;
116    LSYM   0      0      00000000 554    long double:t(0,14)=r(0,1);12;0;
117    LSYM   0      0      00000000 587    _Decimal32:t(0,15)=r(0,1);4;0;
118    LSYM   0      0      00000000 618    _Decimal64:t(0,16)=r(0,1);8;0;
119    LSYM   0      0      00000000 649    _Decimal128:t(0,17)=r(0,1);16;0;
120    LSYM   0      0      00000000 682    void:t(0,18)=(0,18)
121    BINCL  0      0      00000000 1335   ./inc/x86.h
122    EXCL   0      0      00005337 774    ./inc/types.h
123    EINCL  0      0      00000000 0      
124    BINCL  0      0      00003b40 1347   ./inc/memlayout.h
125    BINCL  0      0      00015916 1365   ./inc/mmu.h
126    LSYM   0      0      00000000 1377   Segdesc:T(4,1)=s8sd_lim_15_0:(0,4),0,16;sd_base_15_0:(0,4),16,16;sd_base_23_16:(0,4),32,8;sd_type:(0,4),40,4;sd_s:(0,4),44,1;sd_dpl:(0,4),45,2;sd_p:(0,4),47,1;sd_lim_19_16:(0,4),48,4;sd_avl:(0,4),52,1;sd_rsv1:(0,4),53,1;sd_db:(0,4),54,1;sd_g:(0,4),55,1;sd_base_31_24:(0,4),56,8;;
127    LSYM   0      0      00000000 1657   Taskstate:T(4,2)=s104ts_link:(2,7),0,32;ts_esp0:(2,11),32,32;ts_ss0:(2,5),64,16;ts_padding1:(2,5),80,16;ts_esp1:(2,11),96,32;ts_ss1:(2,5),128,16;ts_padding2:(2,5),144,16;ts_esp2:(2,11),160,32;ts_ss2:(2,5),192,16;ts_padding3:(2,5),208,16;ts_cr3:(2,12),224,32;ts_eip:(2,11),256,32;ts_eflags:(2,7),288,32;ts_eax:(2,7),320,32;ts_ecx:(2,7),352,32;ts_edx:(2,7),384,32;ts_ebx:(2,7),416,32;ts_esp:(2,11),448,32;ts_ebp:(2,11),480,32;ts_esi:(2,7),512,32;ts_edi:(2,7),544,32;ts_es:(2,5),576,16;ts_padding4:(2,5),592,16;ts_cs:(2,5),608,16;ts_padding5:(2,5),624,16;ts_ss:(2,5),640,16;ts_padding6:(2,5),656,16;ts_ds:(2,5),672,16;ts_padding7:(2,5),688,16;ts_fs:(2,5),704,16;ts_padding8:(2,5),720,16;ts_gs:(2,5),736,16;ts_padding9:(2,5),752,16;ts_ldt:(2,5),768,16;ts_padding10:(2,5),784,16;ts_t:(2,5),800,16;ts_iomb:(2,5),816,16;;
128    LSYM   0      0      00000000 2472   Gatedesc:T(4,3)=s8gd_off_15_0:(0,4),0,16;gd_ss:(0,4),16,16;gd_args:(0,4),32,5;gd_rsv1:(0,4),37,3;gd_type:(0,4),40,4;gd_s:(0,4),44,1;gd_dpl:(0,4),45,2;gd_p:(0,4),47,1;gd_off_31_16:(0,4),48,16;;
129    LSYM   0      0      00000000 2665   Pseudodesc:T(4,4)=s6pd_lim:(2,5),0,16;pd_base:(2,7),16,32;;
130    EINCL  0      0      00000000 0      
131    LSYM   0      0      00000000 2725   pte_t:t(3,1)=(2,7)
132    LSYM   0      0      00000000 2744   pde_t:t(3,2)=(2,7)
133    LSYM   0      0      00000000 2763   Page_list:T(3,3)=s4lh_first:(3,4)=*(3,5)=xsPage:,0,32;;
134    LSYM   0      0      00000000 2819   Page_LIST_entry_t:t(3,6)=(3,7)=s8le_next:(3,4),0,32;le_prev:(3,8)=*(3,4),32,32;;
135    LSYM   0      0      00000000 2900   Page:T(3,5)=s12pp_link:(3,6),0,64;pp_ref:(2,5),64,16;;
136    EINCL  0      0      00000000 0      
137    BINCL  0      0      00000000 2955   ./inc/assert.h
138    EXCL   0      0      00000000 702    ./inc/stdio.h
139    EXCL   0      0      00000650 716    ./inc/stdarg.h
140    EINCL  0      0      00000000 0      
141    FUN    0      0      f01001a0 2970   delay:f(0,18)
142    SLINE  0      17     00000000 0      
143    SOL    0      0      f01001a3 1335   ./inc/x86.h
144    SLINE  0      48     00000003 0      
145    SOL    0      0      f01001ac 1320   kern/console.c
146    SLINE  0      22     0000000c 0      
147    RSYM   0      0      00000000 2984   data:r(2,3)
148    LBRAC  0      0      00000003 0      
149    RBRAC  0      0      00000009 0      
150    RSYM   0      0      00000000 2984   data:r(2,3)
151    LBRAC  0      0      00000009 0      
152    RBRAC  0      0      0000000a 0      
153    RSYM   0      0      00000000 2984   data:r(2,3)
154    LBRAC  0      0      0000000a 0      
155    RBRAC  0      0      0000000b 0      
156    RSYM   0      0      00000000 2984   data:r(2,3)
157    LBRAC  0      0      0000000b 0      
158    RBRAC  0      0      0000000c 0      
159    FUN    0      0      f01001ae 2996   serial_proc_data:f(0,1)
160    SLINE  0      52     00000000 0      
161    SOL    0      0      f01001b1 1335   ./inc/x86.h
162    SLINE  0      48     00000003 0      
163    SOL    0      0      f01001b9 1320   kern/console.c
164    SLINE  0      53     0000000b 0      
165    SOL    0      0      f01001c3 1335   ./inc/x86.h
166    SLINE  0      48     00000015 0      
167    SOL    0      0      f01001c9 1320   kern/console.c
168    SLINE  0      55     0000001b 0      
169    SLINE  0      56     0000001e 0      
170    RSYM   0      0      00000002 2984   data:r(2,3)
171    LBRAC  0      0      00000003 0      
172    RBRAC  0      0      0000000b 0      
173    RSYM   0      0      00000000 2984   data:r(2,3)
174    LBRAC  0      0      00000015 0      
175    RBRAC  0      0      0000001b 0      
176    FUN    0      0      f01001ce 3020   cons_intr:f(0,18)
177    RSYM   0      0      00000006 3038   proc:P(0,19)=*(0,20)=f(0,1)
178    SLINE  0      393    00000000 0      
179    SLINE  0      399    0000000b 0      
180    SLINE  0      396    00000015 0      
181    SLINE  0      397    00000017 0      
182    SLINE  0      399    0000001b 0      
183    SLINE  0      400    00000023 0      
184    SLINE  0      401    00000028 0      
185    SLINE  0      396    00000035 0      
186    SLINE  0      403    0000003c 0      
187    RSYM   0      0      00000000 3066   c:r(0,1)
188    LBRAC  0      0      00000000 0      
189    RBRAC  0      0      00000044 0      
190    FUN    0      0      f0100212 3075   kbd_intr:F(0,18)
191    SLINE  0      365    00000000 0      
192    SLINE  0      366    00000006 0      
193    SLINE  0      367    00000010 0      
194    FUN    0      0      f0100224 3092   serial_intr:F(0,18)
195    SLINE  0      60     00000000 0      
196    SLINE  0      61     00000006 0      
197    SLINE  0      62     0000000f 0      
198    SLINE  0      63     00000019 0      
199    FUN    0      0      f010023f 3112   cons_getc:F(0,1)
200    SLINE  0      408    00000000 0      
201    SLINE  0      414    00000006 0      
202    SLINE  0      415    0000000b 0      
203    SLINE  0      418    00000010 0      
204    SLINE  0      419    00000023 0      
205    SLINE  0      420    0000002d 0      
206    SLINE  0      421    00000033 0      
207    SLINE  0      425    00000044 0      
208    RSYM   0      0      00000000 3066   c:r(0,1)
209    LBRAC  0      0      00000000 0      
210    RBRAC  0      0      00000046 0      
211    FUN    0      0      f0100285 3129   getchar:F(0,1)
212    SLINE  0      459    00000000 0      
213    SLINE  0      462    00000006 0      
214    SLINE  0      465    0000000f 0      
215    RSYM   0      0      00000000 3066   c:r(0,1)
216    LBRAC  0      0      00000000 0      
217    RBRAC  0      0      00000011 0      
218    FUN    0      0      f0100296 3144   iscons:F(0,1)
219    PSYM   0      0      00000008 3158   fdnum:p(0,1)
220    SLINE  0      469    00000000 0      
221    SLINE  0      472    00000003 0      
222    FUN    0      0      f01002a0 3171   cons_putc:f(0,18)
223    RSYM   0      0      00000007 3189   c:P(0,1)
224    SLINE  0      430    00000000 0      
225    SOL    0      0      f01002ab 1335   ./inc/x86.h
226    SLINE  0      48     0000000b 0      
227    SOL    0      0      f01002b1 1320   kern/console.c
228    SLINE  0      70     00000011 0      
229    SOL    0      0      f01002ba 1335   ./inc/x86.h
230    SLINE  0      48     0000001a 0      
231    SOL    0      0      f01002bf 1320   kern/console.c
232    SLINE  0      73     0000001f 0      
233    SOL    0      0      f01002c4 1335   ./inc/x86.h
234    SLINE  0      48     00000024 0      
235    SOL    0      0      f01002c7 1320   kern/console.c
236    SLINE  0      70     00000027 0      
237    SLINE  0      72     0000002b 0      
238    SLINE  0      70     0000002e 0      
239    SLINE  0      75     00000036 0      
240    SOL    0      0      f01002dd 1335   ./inc/x86.h
241    SLINE  0      98     0000003d 0      
242    SLINE  0      48     00000043 0      
243    SOL    0      0      f01002e6 1320   kern/console.c
244    SLINE  0      116    00000046 0      
245    SOL    0      0      f01002ef 1335   ./inc/x86.h
246    SLINE  0      48     0000004f 0      
247    SOL    0      0      f01002f4 1320   kern/console.c
248    SLINE  0      117    00000054 0      
249    SOL    0      0      f01002f9 1335   ./inc/x86.h
250    SLINE  0      48     00000059 0      
251    SOL    0      0      f01002fc 1320   kern/console.c
252    SLINE  0      116    0000005c 0      
253    SOL    0      0      f010030b 1335   ./inc/x86.h
254    SLINE  0      98     0000006b 0      
255    SOL    0      0      f0100323 1320   kern/console.c
256    SLINE  0      166    00000083 0      
257    SLINE  0      167    0000008b 0      
258    SLINE  0      169    00000091 0      
259    SLINE  0      171    000000ca 0      
260    SLINE  0      172    000000da 0      
261    SLINE  0      173    000000e3 0      
262    SLINE  0      177    000000fa 0      
263    SLINE  0      180    00000102 0      
264    SLINE  0      183    00000124 0      
265    SLINE  0      184    0000012e 0      
266    SLINE  0      185    00000138 0      
267    SLINE  0      186    00000142 0      
268    SLINE  0      187    0000014c 0      
269    SLINE  0      190    00000158 0      
270    SLINE  0      195    00000175 0      
271    SLINE  0      198    00000180 0      
272    SLINE  0      200    0000019f 0      
273    SLINE  0      199    000001b0 0      
274    SLINE  0      201    000001ba 0      
275    SLINE  0      205    000001c2 0      
276    SOL    0      0      f010046a 1335   ./inc/x86.h
277    SLINE  0      98     000001ca 0      
278    SOL    0      0      f0100472 1320   kern/console.c
279    SLINE  0      206    000001d2 0      
280    SOL    0      0      f010047c 1335   ./inc/x86.h
281    SLINE  0      98     000001dc 0      
282    SOL    0      0      f0100492 1320   kern/console.c
283    SLINE  0      434    000001f2 0      
284    RSYM   0      0      00000003 3198   i:r(0,1)
285    LBRAC  0      0      0000000b 0      
286    RSYM   0      0      00000000 2984   data:r(2,3)
287    LBRAC  0      0      0000001a 0      
288    RBRAC  0      0      0000001f 0      
289    RSYM   0      0      00000000 2984   data:r(2,3)
290    LBRAC  0      0      0000000b 0      
291    RBRAC  0      0      00000011 0      
292    RSYM   0      0      00000000 2984   data:r(2,3)
293    LBRAC  0      0      00000024 0      
294    RBRAC  0      0      00000027 0      
295    RBRAC  0      0      00000043 0      
296    RSYM   0      0      00000003 3198   i:r(0,1)
297    LBRAC  0      0      00000043 0      
298    RSYM   0      0      00000000 2984   data:r(2,3)
299    LBRAC  0      0      0000004f 0      
300    RBRAC  0      0      00000054 0      
301    RSYM   0      0      00000000 2984   data:r(2,3)
302    LBRAC  0      0      00000043 0      
303    RBRAC  0      0      00000046 0      
304    RSYM   0      0      00000000 2984   data:r(2,3)
305    LBRAC  0      0      00000059 0      
306    RBRAC  0      0      0000005c 0      
307    RBRAC  0      0      00000083 0      
308    RSYM   0      0      00000000 3198   i:r(0,1)
309    LBRAC  0      0      00000180 0      
310    RBRAC  0      0      000001c2 0      
311    FUN    0      0      f010049a 3207   cputchar:F(0,18)
312    PSYM   0      0      00000008 3224   c:p(0,1)
313    SLINE  0      453    00000000 0      
314    SLINE  0      454    00000006 0      
315    SLINE  0      455    0000000e 0      
316    FUN    0      0      f01004aa 3233   cons_init:F(0,18)
317    SLINE  0      439    00000000 0      
318    SLINE  0      140    00000009 0      
319    SLINE  0      141    00000011 0      
320    SLINE  0      142    00000016 0      
321    SLINE  0      144    0000001f 0      
322    SLINE  0      146    00000030 0      
323    SLINE  0      147    00000037 0      
324    SLINE  0      151    00000046 0      
325    SOL    0      0      f01004f8 1335   ./inc/x86.h
326    SLINE  0      98     0000004e 0      
327    SOL    0      0      f0100500 1320   kern/console.c
328    SLINE  0      152    00000056 0      
329    SOL    0      0      f0100503 1335   ./inc/x86.h
330    SLINE  0      48     00000059 0      
331    SOL    0      0      f0100506 1320   kern/console.c
332    SLINE  0      152    0000005c 0      
333    SOL    0      0      f010050c 1335   ./inc/x86.h
334    SLINE  0      98     00000062 0      
335    SLINE  0      48     0000006a 0      
336    SOL    0      0      f0100517 1320   kern/console.c
337    SLINE  0      156    0000006d 0      
338    SLINE  0      157    00000073 0      
339    SOL    0      0      f0100529 1335   ./inc/x86.h
340    SLINE  0      98     0000007f 0      
341    SLINE  0      48     000000c1 0      
342    SOL    0      0      f010056e 1320   kern/console.c
343    SLINE  0      99     000000c4 0      
344    SOL    0      0      f010057c 1335   ./inc/x86.h
345    SLINE  0      48     000000d2 0      
346    SOL    0      0      f0100582 1320   kern/console.c
347    SLINE  0      444    000000d8 0      
348    SLINE  0      445    000000dc 0      
349    SLINE  0      446    000000e8 0      
350    RSYM   0      0      00000006 3251   cp:r(0,21)=*(2,5)
351    RSYM   0      0      00000002 3269   was:r(2,5)
352    RSYM   0      0      00000007 3280   pos:r(0,4)
353    LBRAC  0      0      00000009 0      
354    RSYM   0      0      00000000 2984   data:r(2,3)
355    LBRAC  0      0      00000059 0      
356    RBRAC  0      0      0000005c 0      
357    RSYM   0      0      00000000 2984   data:r(2,3)
358    LBRAC  0      0      0000006a 0      
359    RBRAC  0      0      0000006d 0      
360    RBRAC  0      0      0000007f 0      
361    RSYM   0      0      00000000 2984   data:r(2,3)
362    LBRAC  0      0      000000c1 0      
363    RBRAC  0      0      000000c4 0      
364    RSYM   0      0      00000000 2984   data:r(2,3)
365    LBRAC  0      0      000000d2 0      
366    RBRAC  0      0      000000d5 0      
367    RSYM   0      0      00000000 2984   data:r(2,3)
368    LBRAC  0      0      000000d5 0      
369    RBRAC  0      0      000000d8 0      
370    FUN    0      0      f010059a 3291   kbd_proc_data:f(0,1)
371    SLINE  0      317    00000000 0      
372    SOL    0      0      f01005a1 1335   ./inc/x86.h
373    SLINE  0      48     00000007 0      
374    SOL    0      0      f01005a7 1320   kern/console.c
375    SLINE  0      322    0000000d 0      
376    SOL    0      0      f01005b4 1335   ./inc/x86.h
377    SLINE  0      48     0000001a 0      
378    SOL    0      0      f01005b7 1320   kern/console.c
379    SLINE  0      327    0000001d 0      
380    SLINE  0      329    00000021 0      
381    SLINE  0      330    0000002d 0      
382    SLINE  0      331    00000032 0      
383    SLINE  0      333    00000036 0      
384    SLINE  0      334    00000044 0      
385    SLINE  0      335    00000063 0      
386    SLINE  0      336    00000068 0      
387    SLINE  0      338    00000073 0      
388    SLINE  0      339    00000076 0      
389    SLINE  0      342    0000007f 0      
390    SLINE  0      343    00000082 0      
391    SLINE  0      345    0000009e 0      
392    SLINE  0      346    000000ae 0      
393    SLINE  0      347    000000b3 0      
394    SLINE  0      348    000000bd 0      
395    SLINE  0      349    000000c2 0      
396    SLINE  0      350    000000ca 0      
397    SLINE  0      355    000000cd 0      
398    SLINE  0      356    000000dc 0      
399    SOL    0      0      f0100682 1335   ./inc/x86.h
400    SLINE  0      98     000000e8 0      
401    SOL    0      0      f010068d 1320   kern/console.c
402    SLINE  0      361    000000f3 0      
403    RSYM   0      0      00000003 3066   c:r(0,1)
404    RSYM   0      0      00000000 2984   data:r(2,3)
405    LCSYM  0      0      f0110340 3312   shift:V(2,7)
406    LBRAC  0      0      00000000 0      
407    RSYM   0      0      00000000 2984   data:r(2,3)
408    LBRAC  0      0      00000007 0      
409    RBRAC  0      0      0000000d 0      
410    RBRAC  0      0      000000fb 0      
411    LCSYM  0      0      f0110344 3325   serial_exists:S(2,1)
412    LCSYM  0      0      f0110348 3346   addr_6845:S(0,4)
413    LCSYM  0      0      f011034c 3363   crt_buf:S(0,22)=*(2,5)
414    LCSYM  0      0      f0110350 3386   crt_pos:S(2,5)
415    STSYM  0      0      f0101c00 3401   shiftcode:S(0,23)=ar(0,24)=r(0,24);0;-1;;0;255;(2,3)
416    STSYM  0      0      f0101d00 3454   togglecode:S(0,23)
417    STSYM  0      0      f0110020 3473   normalmap:S(0,23)
418    STSYM  0      0      f0110120 3491   shiftmap:S(0,23)
419    STSYM  0      0      f0110220 3508   ctlmap:S(0,23)
420    STSYM  0      0      f0101e00 3523   charcode:S(0,25)=ar(0,24);0;3;(0,26)=*(2,3)
421    LCSYM  0      0      f0110360 3567   cons:S(0,27)=s520buf:(0,28)=ar(0,24);0;511;(2,3),0,4096;rpos:(2,7),4096,32;wpos:(2,7),4128,32;;
422    SO     0      0      f0100695 0      
423    SO     0      2      f01006a0 3663   kern/monitor.c
424    OPT    0      0      00000000 43     gcc2_compiled.
425    LSYM   0      0      00000000 58     int:t(0,1)=r(0,1);-2147483648;2147483647;
426    LSYM   0      0      00000000 100    char:t(0,2)=r(0,2);0;127;
427    LSYM   0      0      00000000 126    long int:t(0,3)=r(0,3);-2147483648;2147483647;
428    LSYM   0      0      00000000 173    unsigned int:t(0,4)=r(0,4);0;4294967295;
429    LSYM   0      0      00000000 214    long unsigned int:t(0,5)=r(0,5);0;4294967295;
430    LSYM   0      0      00000000 260    long long int:t(0,6)=r(0,6);-0;4294967295;
431    LSYM   0      0      00000000 303    long long unsigned int:t(0,7)=r(0,7);0;-1;
432    LSYM   0      0      00000000 346    short int:t(0,8)=r(0,8);-32768;32767;
433    LSYM   0      0      00000000 384    short unsigned int:t(0,9)=r(0,9);0;65535;
434    LSYM   0      0      00000000 426    signed char:t(0,10)=r(0,10);-128;127;
435    LSYM   0      0      00000000 464    unsigned char:t(0,11)=r(0,11);0;255;
436    LSYM   0      0      00000000 501    float:t(0,12)=r(0,1);4;0;
437    LSYM   0      0      00000000 527    double:t(0,13)=r(0,1);8;0;
438    LSYM   0      0      00000000 554    long double:t(0,14)=r(0,1);12;0;
439    LSYM   0      0      00000000 587    _Decimal32:t(0,15)=r(0,1);4;0;
440    LSYM   0      0      00000000 618    _Decimal64:t(0,16)=r(0,1);8;0;
441    LSYM   0      0      00000000 649    _Decimal128:t(0,17)=r(0,1);16;0;
442    LSYM   0      0      00000000 682    void:t(0,18)=(0,18)
443    EXCL   0      0      00000000 702    ./inc/stdio.h
444    EXCL   0      0      00000650 716    ./inc/stdarg.h
445    EXCL   0      0      00000000 759    ./inc/string.h
446    EXCL   0      0      00005337 774    ./inc/types.h
447    EXCL   0      0      00003b40 1347   ./inc/memlayout.h
448    EXCL   0      0      00015916 1365   ./inc/mmu.h
449    BINCL  0      0      0000300d 3678   ./kern/kdebug.h
450    LSYM   0      0      00000000 3694   Eipdebuginfo:T(7,1)=s24eip_file:(7,2)=*(0,2),0,32;eip_line:(0,1),32,32;eip_fn_name:(7,2),64,32;eip_fn_namelen:(0,1),96,32;eip_fn_addr:(4,11),128,32;eip_fn_narg:(0,1),160,32;;
451    EINCL  0      0      00000000 0      
452    LSYM   0      0      00000000 3869   Command:T(0,19)=s12name:(7,2),0,32;desc:(7,2),32,32;func:(0,20)=*(0,21)=f(0,1),64,32;;
453    FUN    0      0      f01006a0 3956   read_eip:F(0,4)
454    SLINE  0      170    00000000 0      
455    SLINE  0      172    00000003 0      
456    SLINE  0      174    00000006 0      
457    RSYM   0      0      00000000 3972   callerpc:r(4,7)
458    LBRAC  0      0      00000000 0      
459    RBRAC  0      0      00000008 0      
460    FUN    0      0      f01006a8 3988   mon_kerninfo:F(0,1)
461    PSYM   0      0      00000008 4008   argc:p(0,1)
462    PSYM   0      0      0000000c 4020   argv:p(0,22)=*(2,2)
463    PSYM   0      0      00000010 4040   tf:p(0,23)=*(0,24)=xsTrapframe:
464    SLINE  0      46     00000000 0      
465    SLINE  0      49     00000006 0      
466    SLINE  0      50     00000012 0      
467    SLINE  0      51     0000002e 0      
468    SLINE  0      52     0000004a 0      
469    SLINE  0      53     00000066 0      
470    SLINE  0      54     00000082 0      
471    SLINE  0      57     000000aa 0      
472    FUN    0      0      f0100759 4072   mon_help:F(0,1)
473    PSYM   0      0      00000008 4008   argc:p(0,1)
474    PSYM   0      0      0000000c 4088   argv:p(0,22)
475    PSYM   0      0      00000010 4101   tf:p(0,23)
476    SLINE  0      36     00000000 0      
477    SLINE  0      40     00000006 0      
478    SLINE  0      42     00000042 0      
479    FUN    0      0      f01007a2 4112   monitor:F(0,18)
480    PSYM   0      0      00000008 4101   tf:p(0,23)
481    SLINE  0      151    00000000 0      
482    SLINE  0      154    00000009 0      
483    SLINE  0      155    00000015 0      
484    SLINE  0      142    00000021 0      
485    SLINE  0      158    00000026 0      
486    SLINE  0      159    00000034 0      
487    SLINE  0      119    00000038 0      
488    SLINE  0      123    00000046 0      
489    SLINE  0      122    0000004c 0      
490    SLINE  0      124    0000006a 0      
491    SLINE  0      128    0000006f 0      
492    SLINE  0      129    00000074 0      
493    SLINE  0      132    0000008a 0      
494    SLINE  0      133    00000091 0      
495    SLINE  0      134    0000009a 0      
496    SLINE  0      133    0000009d 0      
497    SLINE  0      136    000000bd 0      
498    SLINE  0      139    000000c5 0      
499    SLINE  0      142    000000cd 0      
500    SLINE  0      143    00000104 0      
501    SLINE  0      160    0000011e 0      
502    SLINE  0      145    00000127 0      
503    SLINE  0      163    0000013f 0      
504    RSYM   0      0      00000003 4128   buf:r(2,2)
505    LBRAC  0      0      00000000 0      
506    RSYM   0      0      00000006 4139   argc:r(0,1)
507    LSYM   0      0      ffffffa8 4151   argv:(0,25)=ar(0,26)=r(0,26);0;-1;;0;15;(2,2)
508    RSYM   0      0      00000002 3198   i:r(0,1)
509    LBRAC  0      0      00000038 0      
510    RBRAC  0      0      0000011e 0      
511    RSYM   0      0      00000006 4139   argc:r(0,1)
512    LSYM   0      0      ffffffa8 4197   argv:(0,25)
513    RSYM   0      0      00000002 3198   i:r(0,1)
514    LBRAC  0      0      00000021 0      
515    RBRAC  0      0      00000026 0      
516    RSYM   0      0      00000006 4139   argc:r(0,1)
517    LSYM   0      0      ffffffa8 4197   argv:(0,25)
518    RSYM   0      0      00000002 3198   i:r(0,1)
519    LBRAC  0      0      00000127 0      
520    RBRAC  0      0      0000013f 0      
521    RBRAC  0      0      00000147 0      
522    FUN    0      0      f01008e9 4209   mon_backtrace:F(0,1)
523    PSYM   0      0      00000008 4008   argc:p(0,1)
524    PSYM   0      0      0000000c 4088   argv:p(0,22)
525    PSYM   0      0      00000010 4101   tf:p(0,23)
526    SLINE  0      61     00000000 0      
527    SLINE  0      68     00000009 0      
528    SLINE  0      69     0000000b 0      
529    SLINE  0      70     0000000e 0      
530    SLINE  0      71     00000011 0      
531    SLINE  0      72     00000017 0      
532    SLINE  0      73     0000001d 0      
533    SLINE  0      74     00000023 0      
534    SLINE  0      75     00000029 0      
535    SLINE  0      77     00000038 0      
536    SLINE  0      78     00000044 0      
537    SLINE  0      79     0000004c 0      
538    SLINE  0      80     00000080 0      
539    SLINE  0      81     0000008c 0      
540    SLINE  0      90     000000c9 0      
541    SLINE  0      91     000000cb 0      
542    SLINE  0      92     000000ce 0      
543    SLINE  0      93     000000d1 0      
544    SLINE  0      94     000000d7 0      
545    SLINE  0      95     000000dd 0      
546    SLINE  0      96     000000e3 0      
547    SLINE  0      97     000000e9 0      
548    SLINE  0      78     000000f8 0      
549    SLINE  0      101    00000100 0      
550    RSYM   0      0      00000003 4230   ebp:r(0,27)=*(4,7)
551    RSYM   0      0      00000006 4249   eip:r(0,27)
552    RSYM   0      0      00000007 4261   arg0:r(4,7)
553    LSYM   0      0      ffffffb8 4273   arg1:(4,7)
554    LSYM   0      0      ffffffbc 4284   arg2:(4,7)
555    LSYM   0      0      ffffffc0 4295   arg3:(4,7)
556    LSYM   0      0      ffffffc4 4306   arg4:(4,7)
557    LSYM   0      0      ffffffd0 4317   debuginfo:(7,1)
558    LBRAC  0      0      00000000 0      
559    RBRAC  0      0      0000010d 0      
560    STSYM  0      0      f01020a0 4333   commands:S(0,28)=ar(0,26);0;1;(0,19)
561    SO     0      0      f01009f6 0      
562    SO     0      2      f01009f8 4370   kern/printf.c
563    OPT    0      0      00000000 43     gcc2_compiled.
564    LSYM   0      0      00000000 58     int:t(0,1)=r(0,1);-2147483648;2147483647;
565    LSYM   0      0      00000000 100    char:t(0,2)=r(0,2);0;127;
566    LSYM   0      0      00000000 126    long int:t(0,3)=r(0,3);-2147483648;2147483647;
567    LSYM   0      0      00000000 173    unsigned int:t(0,4)=r(0,4);0;4294967295;
568    LSYM   0      0      00000000 214    long unsigned int:t(0,5)=r(0,5);0;4294967295;
569    LSYM   0      0      00000000 260    long long int:t(0,6)=r(0,6);-0;4294967295;
570    LSYM   0      0      00000000 303    long long unsigned int:t(0,7)=r(0,7);0;-1;
571    LSYM   0      0      00000000 346    short int:t(0,8)=r(0,8);-32768;32767;
572    LSYM   0      0      00000000 384    short unsigned int:t(0,9)=r(0,9);0;65535;
573    LSYM   0      0      00000000 426    signed char:t(0,10)=r(0,10);-128;127;
574    LSYM   0      0      00000000 464    unsigned char:t(0,11)=r(0,11);0;255;
575    LSYM   0      0      00000000 501    float:t(0,12)=r(0,1);4;0;
576    LSYM   0      0      00000000 527    double:t(0,13)=r(0,1);8;0;
577    LSYM   0      0      00000000 554    long double:t(0,14)=r(0,1);12;0;
578    LSYM   0      0      00000000 587    _Decimal32:t(0,15)=r(0,1);4;0;
579    LSYM   0      0      00000000 618    _Decimal64:t(0,16)=r(0,1);8;0;
580    LSYM   0      0      00000000 649    _Decimal128:t(0,17)=r(0,1);16;0;
581    LSYM   0      0      00000000 682    void:t(0,18)=(0,18)
582    EXCL   0      0      00005337 774    ./inc/types.h
583    EXCL   0      0      00000000 702    ./inc/stdio.h
584    EXCL   0      0      00000650 716    ./inc/stdarg.h
585    FUN    0      0      f01009f8 4384   vcprintf:F(0,1)
586    PSYM   0      0      00000008 4400   fmt:p(0,19)=*(0,2)
587    PSYM   0      0      0000000c 4419   ap:p(3,1)
588    SLINE  0      18     00000000 0      
589    SLINE  0      19     00000006 0      
590    SLINE  0      21     0000000d 0      
591    SLINE  0      23     0000002e 0      
592    LSYM   0      0      fffffff4 4429   cnt:(0,1)
593    RSYM   0      0      00000000 4439   fmt:r(0,19)
594    RSYM   0      0      00000000 4451   ap:r(3,1)
595    LBRAC  0      0      00000000 0      
596    RBRAC  0      0      00000033 0      
597    FUN    0      0      f0100a2b 4461   cprintf:F(0,1)
598    PSYM   0      0      00000008 1179   fmt:p(0,19)
599    SLINE  0      27     00000000 0      
600    SLINE  0      32     00000006 0      
601    SLINE  0      36     00000018 0      
602    RSYM   0      0      00000000 4476   cnt:r(0,1)
603    LBRAC  0      0      00000000 0      
604    RBRAC  0      0      0000001a 0      
605    FUN    0      0      f0100a45 4487   putch:f(0,18)
606    PSYM   0      0      00000008 4501   ch:p(0,1)
607    PSYM   0      0      0000000c 4511   cnt:p(0,20)=*(0,1)
608    SLINE  0      11     00000000 0      
609    SLINE  0      12     00000006 0      
610    SLINE  0      14     00000011 0      
611    RSYM   0      0      00000000 4530   ch:r(0,1)
612    SO     0      0      f0100a58 0      
613    SO     0      2      f0100a60 4540   kern/kdebug.c
614    OPT    0      0      00000000 43     gcc2_compiled.
615    LSYM   0      0      00000000 58     int:t(0,1)=r(0,1);-2147483648;2147483647;
616    LSYM   0      0      00000000 100    char:t(0,2)=r(0,2);0;127;
617    LSYM   0      0      00000000 126    long int:t(0,3)=r(0,3);-2147483648;2147483647;
618    LSYM   0      0      00000000 173    unsigned int:t(0,4)=r(0,4);0;4294967295;
619    LSYM   0      0      00000000 214    long unsigned int:t(0,5)=r(0,5);0;4294967295;
620    LSYM   0      0      00000000 260    long long int:t(0,6)=r(0,6);-0;4294967295;
621    LSYM   0      0      00000000 303    long long unsigned int:t(0,7)=r(0,7);0;-1;
622    LSYM   0      0      00000000 346    short int:t(0,8)=r(0,8);-32768;32767;
623    LSYM   0      0      00000000 384    short unsigned int:t(0,9)=r(0,9);0;65535;
624    LSYM   0      0      00000000 426    signed char:t(0,10)=r(0,10);-128;127;
625    LSYM   0      0      00000000 464    unsigned char:t(0,11)=r(0,11);0;255;
626    LSYM   0      0      00000000 501    float:t(0,12)=r(0,1);4;0;
627    LSYM   0      0      00000000 527    double:t(0,13)=r(0,1);8;0;
628    LSYM   0      0      00000000 554    long double:t(0,14)=r(0,1);12;0;
629    LSYM   0      0      00000000 587    _Decimal32:t(0,15)=r(0,1);4;0;
630    LSYM   0      0      00000000 618    _Decimal64:t(0,16)=r(0,1);8;0;
631    LSYM   0      0      00000000 649    _Decimal128:t(0,17)=r(0,1);16;0;
632    LSYM   0      0      00000000 682    void:t(0,18)=(0,18)
633    BINCL  0      0      00001c9c 4554   ./inc/stab.h
634    EXCL   0      0      00005337 774    ./inc/types.h
635    LSYM   0      0      00000000 4567   Stab:T(1,1)=s12n_strx:(2,7),0,32;n_type:(2,3),32,8;n_other:(2,3),40,8;n_desc:(2,5),48,16;n_value:(2,11),64,32;;
636    EINCL  0      0      00000000 0      
637    EXCL   0      0      00003b40 1347   ./inc/memlayout.h
638    EXCL   0      0      00015916 1365   ./inc/mmu.h
639    EXCL   0      0      00000000 2955   ./inc/assert.h
640    EXCL   0      0      00000000 702    ./inc/stdio.h
641    EXCL   0      0      00000650 716    ./inc/stdarg.h
642    EXCL   0      0      0000300d 3678   ./kern/kdebug.h
643    FUN    0      0      f0100a60 4679   stab_binsearch:f(0,18)
644    PSYM   0      0      fffffff0 4702   stabs:p(0,19)=*(1,1)
645    PSYM   0      0      ffffffe8 4723   region_left:p(0,20)=*(0,1)
646    PSYM   0      0      ffffffe0 4750   region_right:p(0,20)
647    PSYM   0      0      00000008 4771   type:p(0,1)
648    PSYM   0      0      0000000c 4783   addr:p(2,11)
649    SLINE  0      53     00000000 0      
650    SLINE  0      54     00000015 0      
651    SLINE  0      56     0000001c 0      
652    SLINE  0      57     0000002b 0      
653    SLINE  0      60     00000039 0      
654    SLINE  0      61     0000005a 0      
655    SLINE  0      60     0000005d 0      
656    SLINE  0      63     00000070 0      
657    SLINE  0      64     00000073 0      
658    SLINE  0      70     00000075 0      
659    SLINE  0      71     0000007a 0      
660    SLINE  0      72     00000086 0      
661    SLINE  0      73     0000008b 0      
662    SLINE  0      78     0000009f 0      
663    SLINE  0      80     000000a4 0      
664    SLINE  0      56     000000b1 0      
665    SLINE  0      84     000000ba 0      
666    SLINE  0      85     000000c0 0      
667    SLINE  0      88     000000cf 0      
668    SLINE  0      89     000000d4 0      
669    SLINE  0      88     000000d9 0      
670    SLINE  0      89     000000dd 0      
671    SLINE  0      90     000000f4 0      
672    SLINE  0      88     000000f7 0      
673    SLINE  0      89     000000fb 0      
674    SLINE  0      88     00000101 0      
675    SLINE  0      92     00000105 0      
676    SLINE  0      94     0000010c 0      
677    SLINE  0      69     0000010e 0      
678    SLINE  0      94     00000126 0      
679    RSYM   0      0      00000003 4796   l:r(0,1)
680    LSYM   0      0      ffffffec 4805   r:(0,1)
681    LSYM   0      0      ffffffe4 4813   any_matches:(0,1)
682    RSYM   0      0      00000006 4831   type:r(0,1)
683    LBRAC  0      0      00000000 0      
684    RSYM   0      0      00000007 4843   true_m:r(0,1)
685    RSYM   0      0      00000000 4857   m:r(0,1)
686    LBRAC  0      0      0000002b 0      
687    RBRAC  0      0      000000b1 0      
688    RSYM   0      0      00000007 4843   true_m:r(0,1)
689    RSYM   0      0      00000000 4857   m:r(0,1)
690    LBRAC  0      0      0000010e 0      
691    RBRAC  0      0      00000126 0      
692    RBRAC  0      0      0000012e 0      
693    FUN    0      0      f0100b8e 4866   debuginfo_eip:F(0,1)
694    PSYM   0      0      00000008 4783   addr:p(2,11)
695    PSYM   0      0      0000000c 4887   info:p(0,21)=*(8,1)
696    SLINE  0      106    00000000 0      
697    SLINE  0      112    00000015 0      
698    SLINE  0      113    0000001b 0      
699    SLINE  0      114    00000022 0      
700    SLINE  0      115    00000029 0      
701    SLINE  0      116    00000030 0      
702    SLINE  0      117    00000033 0      
703    SLINE  0      120    0000003a 0      
704    SLINE  0      131    00000042 0      
705    SLINE  0      127    00000054 0      
706    SLINE  0      131    00000070 0      
707    SLINE  0      140    0000007d 0      
708    SLINE  0      141    00000084 0      
709    SLINE  0      142    0000009d 0      
710    SLINE  0      143    000000b8 0      
711    SLINE  0      148    000000c3 0      
712    SLINE  0      149    000000c6 0      
713    SLINE  0      150    000000cc 0      
714    SLINE  0      152    000000e7 0      
715    SLINE  0      155    000000ef 0      
716    SLINE  0      156    00000107 0      
717    SLINE  0      157    0000010f 0      
718    SLINE  0      158    0000011e 0      
719    SLINE  0      160    00000120 0      
720    SLINE  0      161    00000123 0      
721    SLINE  0      165    0000012b 0      
722    SLINE  0      166    0000012e 0      
723    SLINE  0      167    00000134 0      
724    SLINE  0      170    0000013a 0      
725    SLINE  0      183    00000153 0      
726    SLINE  0      184    0000016e 0      
727    SLINE  0      185    00000176 0      
728    SLINE  0      197    00000179 0      
729    SLINE  0      196    00000188 0      
730    SLINE  0      198    00000196 0      
731    SLINE  0      196    0000019a 0      
732    SLINE  0      201    000001ac 0      
733    SLINE  0      206    000001b3 0      
734    SLINE  0      207    000001bb 0      
735    SLINE  0      208    000001c1 0      
736    SLINE  0      207    000001c6 0      
737    SLINE  0      210    000001c8 0      
738    SLINE  0      209    000001cc 0      
739    SLINE  0      208    000001d0 0      
740    SLINE  0      207    000001d3 0      
741    SLINE  0      208    000001d8 0      
742    SLINE  0      213    000001f0 0      
743    SLINE  0      200    000001fd 0      
744    LSYM   0      0      ffffffe4 4907   lfile:(0,1)
745    LSYM   0      0      ffffffe0 4919   rfile:(0,1)
746    LSYM   0      0      ffffffdc 4931   lfun:(0,1)
747    LSYM   0      0      ffffffd8 4942   rfun:(0,1)
748    LSYM   0      0      ffffffd4 4953   lline:(0,1)
749    LSYM   0      0      ffffffd0 4965   rline:(0,1)
750    RSYM   0      0      00000006 4977   addr:r(2,11)
751    RSYM   0      0      00000003 4990   info:r(0,21)
752    LBRAC  0      0      00000000 0      
753    RBRAC  0      0      00000217 0      
754    SO     0      0      f0100da5 0      
755    SO     0      2      f0100db0 5003   lib/printfmt.c
756    OPT    0      0      00000000 43     gcc2_compiled.
757    LSYM   0      0      00000000 58     int:t(0,1)=r(0,1);-2147483648;2147483647;
758    LSYM   0      0      00000000 100    char:t(0,2)=r(0,2);0;127;
759    LSYM   0      0      00000000 126    long int:t(0,3)=r(0,3);-2147483648;2147483647;
760    LSYM   0      0      00000000 173    unsigned int:t(0,4)=r(0,4);0;4294967295;
761    LSYM   0      0      00000000 214    long unsigned int:t(0,5)=r(0,5);0;4294967295;
762    LSYM   0      0      00000000 260    long long int:t(0,6)=r(0,6);-0;4294967295;
763    LSYM   0      0      00000000 303    long long unsigned int:t(0,7)=r(0,7);0;-1;
764    LSYM   0      0      00000000 346    short int:t(0,8)=r(0,8);-32768;32767;
765    LSYM   0      0      00000000 384    short unsigned int:t(0,9)=r(0,9);0;65535;
766    LSYM   0      0      00000000 426    signed char:t(0,10)=r(0,10);-128;127;
767    LSYM   0      0      00000000 464    unsigned char:t(0,11)=r(0,11);0;255;
768    LSYM   0      0      00000000 501    float:t(0,12)=r(0,1);4;0;
769    LSYM   0      0      00000000 527    double:t(0,13)=r(0,1);8;0;
770    LSYM   0      0      00000000 554    long double:t(0,14)=r(0,1);12;0;
771    LSYM   0      0      00000000 587    _Decimal32:t(0,15)=r(0,1);4;0;
772    LSYM   0      0      00000000 618    _Decimal64:t(0,16)=r(0,1);8;0;
773    LSYM   0      0      00000000 649    _Decimal128:t(0,17)=r(0,1);16;0;
774    LSYM   0      0      00000000 682    void:t(0,18)=(0,18)
775    EXCL   0      0      00005337 774    ./inc/types.h
776    EXCL   0      0      00000000 702    ./inc/stdio.h
777    EXCL   0      0      00000650 716    ./inc/stdarg.h
778    LSYM   0      0      00000000 5018   sprintbuf:T(0,19)=s12buf:(3,2),0,32;ebuf:(3,2),32,32;cnt:(0,1),64,32;;
779    FUN    0      0      f0100db0 5089   printnum:f(0,18)
780    PSYM   0      0      ffffffe4 5106   putch:p(0,20)=*(0,21)=f(0,18)
781    RSYM   0      0      00000006 5136   putdat:P(0,22)=*(0,18)
782    PSYM   0      0      00000008 5159   num:p(0,7)
783    PSYM   0      0      00000010 5170   base:p(0,4)
784    PSYM   0      0      00000014 5182   width:p(0,1)
785    PSYM   0      0      00000018 5195   padc:p(0,1)
786    SLINE  0      39     00000000 0      
787    SLINE  0      41     00000023 0      
788    SLINE  0      45     00000038 0      
789    SLINE  0      42     00000044 0      
790    SLINE  0      46     000000a3 0      
791    SLINE  0      45     000000ad 0      
792    SLINE  0      50     000000b4 0      
793    SLINE  0      51     000000ee 0      
794    RSYM   0      0      00000000 5207   base:r(0,4)
795    RSYM   0      0      00000003 5219   width:r(0,1)
796    RSYM   0      0      00000007 5232   padc:r(0,1)
797    FUN    0      0      f0100ea6 5244   getuint:f(0,7)
798    RSYM   0      0      00000000 5259   ap:P(0,23)=*(3,1)
799    RSYM   0      0      00000002 5277   lflag:P(0,1)
800    SLINE  0      57     00000000 0      
801    SLINE  0      58     00000003 0      
802    SLINE  0      59     00000008 0      
803    SLINE  0      60     00000017 0      
804    SLINE  0      61     0000001b 0      
805    SLINE  0      63     0000002c 0      
806    SLINE  0      64     0000003b 0      
807    FUN    0      0      f0100ee3 5290   sprintputch:f(0,18)
808    PSYM   0      0      00000008 4501   ch:p(0,1)
809    PSYM   0      0      0000000c 5310   b:p(0,24)=*(0,19)
810    SLINE  0      263    00000000 0      
811    SLINE  0      264    00000006 0      
812    SLINE  0      265    0000000a 0      
813    SLINE  0      266    00000011 0      
814    SLINE  0      267    0000001b 0      
815    RSYM   0      0      00000001 4530   ch:r(0,1)
816    RSYM   0      0      00000000 5328   b:r(0,24)
817    FUN    0      0      f0100f00 5338   vprintfmt:F(0,18)
818    PSYM   0      0      00000008 5356   putch:p(0,20)
819    PSYM   0      0      0000000c 5370   putdat:p(0,22)
820    PSYM   0      0      00000010 5385   fmt:p(0,25)=*(0,2)
821    PSYM   0      0      00000014 4419   ap:p(3,1)
822    SLINE  0      85     00000000 0      
823    SLINE  0      150    00000012 0      
824    SLINE  0      94     0000001b 0      
825    SLINE  0      96     00000023 0      
826    SLINE  0      93     0000002c 0      
827    SLINE  0      106    0000005d 0      
828    SLINE  0      129    00000085 0      
829    SLINE  0      130    0000008e 0      
830    SLINE  0      131    00000091 0      
831    SLINE  0      128    0000009f 0      
832    SLINE  0      129    000000a2 0      
833    SLINE  0      130    000000a9 0      
834    SLINE  0      131    000000ac 0      
835    SLINE  0      137    000000bc 0      
836    SLINE  0      138    000000cb 0      
837    SLINE  0      141    000000cd 0      
838    SLINE  0      147    000000e1 0      
839    SLINE  0      150    000000e6 0      
840    SLINE  0      156    00000101 0      
841    SLINE  0      157    00000104 0      
842    SLINE  0      161    0000010c 0      
843    SLINE  0      162    00000124 0      
844    SLINE  0      166    0000012c 0      
845    SLINE  0      169    00000141 0      
846    SLINE  0      170    00000151 0      
847    SLINE  0      169    0000016c 0      
848    SLINE  0      172    00000171 0      
849    SLINE  0      177    0000019f 0      
850    SLINE  0      179    000001b9 0      
851    SLINE  0      182    000001c5 0      
852    SLINE  0      180    000001d8 0      
853    SLINE  0      181    000001f3 0      
854    SLINE  0      180    0000020b 0      
855    SLINE  0      183    0000021e 0      
856    SLINE  0      184    0000022c 0      
857    SLINE  0      183    0000023a 0      
858    SLINE  0      186    0000023c 0      
859    SLINE  0      182    00000246 0      
860    SLINE  0      187    0000025e 0      
861    SLINE  0      182    0000026c 0      
862    SLINE  0      188    00000298 0      
863    SLINE  0      187    000002a5 0      
864    SLINE  0      71     000002b7 0      
865    SLINE  0      72     000002bc 0      
866    SLINE  0      73     000002d3 0      
867    SLINE  0      74     000002d7 0      
868    SLINE  0      76     000002f0 0      
869    SLINE  0      193    00000307 0      
870    SLINE  0      194    00000312 0      
871    SLINE  0      195    0000031c 0      
872    SLINE  0      196    00000329 0      
873    SLINE  0      203    00000340 0      
874    SLINE  0      205    00000353 0      
875    SLINE  0      209    00000358 0      
876    SLINE  0      212    0000036b 0      
877    SLINE  0      215    00000370 0      
878    SLINE  0      216    0000037d 0      
879    SLINE  0      218    0000038a 0      
880    SLINE  0      217    00000393 0      
881    SLINE  0      220    000003a0 0      
882    SLINE  0      224    000003a5 0      
883    SLINE  0      227    000003b8 0      
884    SLINE  0      228    000003de 0      
885    SLINE  0      232    000003e9 0      
886    SLINE  0      233    000003f5 0      
887    SLINE  0      237    000003fa 0      
888    SLINE  0      238    00000407 0      
889    SLINE  0      243    00000417 0      
890    LSYM   0      0      ffffffe0 5404   p:(0,25)
891    RSYM   0      0      00000002 4530   ch:r(0,1)
892    RSYM   0      0      00000000 5413   err:r(0,1)
893    RSYM   0      0      00000001 5424   num:r(0,7)
894    RSYM   0      0      00000000 5435   base:r(0,1)
895    RSYM   0      0      00000001 5447   lflag:r(0,1)
896    LSYM   0      0      ffffffe4 5460   width:(0,1)
897    LSYM   0      0      ffffffd0 5472   precision:(0,1)
898    LSYM   0      0      ffffffd8 5488   altflag:(0,1)
899    LSYM   0      0      ffffffd4 5502   padc:(0,2)
900    RSYM   0      0      00000007 5513   putch:r(0,20)
901    RSYM   0      0      00000006 5527   putdat:r(0,22)
902    RSYM   0      0      00000003 5542   fmt:r(0,25)
903    LBRAC  0      0      00000000 0      
904    RBRAC  0      0      0000041f 0      
905    FUN    0      0      f010131f 5554   vsnprintf:F(0,1)
906    PSYM   0      0      00000008 5571   buf:p(3,2)
907    PSYM   0      0      0000000c 5582   n:p(0,1)
908    PSYM   0      0      00000010 5591   fmt:p(0,25)
909    PSYM   0      0      00000014 4419   ap:p(3,1)
910    SLINE  0      271    00000000 0      
911    SLINE  0      274    0000000c 0      
912    SLINE  0      272    0000001b 0      
913    SLINE  0      278    0000002c 0      
914    SLINE  0      281    0000004d 0      
915    SLINE  0      283    00000053 0      
916    SLINE  0      284    00000056 0      
917    LSYM   0      0      ffffffec 5603   b:(0,19)
918    RSYM   0      0      00000000 5612   buf:r(3,2)
919    RSYM   0      0      00000002 5623   n:r(0,1)
920    RSYM   0      0      00000000 5542   fmt:r(0,25)
921    RSYM   0      0      00000000 4451   ap:r(3,1)
922    LBRAC  0      0      00000000 0      
923    RBRAC  0      0      00000058 0      
924    FUN    0      0      f0101377 5632   snprintf:F(0,1)
925    PSYM   0      0      00000008 5571   buf:p(3,2)
926    PSYM   0      0      0000000c 5582   n:p(0,1)
927    PSYM   0      0      00000010 5591   fmt:p(0,25)
928    SLINE  0      288    00000000 0      
929    SLINE  0      293    00000006 0      
930    SLINE  0      297    00000026 0      
931    RSYM   0      0      00000000 5648   rc:r(0,1)
932    RSYM   0      0      00000000 5612   buf:r(3,2)
933    RSYM   0      0      00000000 5623   n:r(0,1)
934    LBRAC  0      0      00000000 0      
935    RBRAC  0      0      00000028 0      
936    FUN    0      0      f010139f 5658   printfmt:F(0,18)
937    PSYM   0      0      00000008 5356   putch:p(0,20)
938    PSYM   0      0      0000000c 5370   putdat:p(0,22)
939    PSYM   0      0      00000010 5591   fmt:p(0,25)
940    SLINE  0      247    00000000 0      
941    SLINE  0      251    00000006 0      
942    SLINE  0      253    00000026 0      
943    RSYM   0      0      00000000 5513   putch:r(0,20)
944    RSYM   0      0      00000000 5527   putdat:r(0,22)
945    STSYM  0      0      f01022c4 5675   error_string:S(0,26)=ar(0,27)=r(0,27);0;-1;;0;6;(0,25)
946    SO     0      0      f01013c7 0      
947    SO     0      2      f01013d0 5730   lib/readline.c
948    OPT    0      0      00000000 43     gcc2_compiled.
949    LSYM   0      0      00000000 58     int:t(0,1)=r(0,1);-2147483648;2147483647;
950    LSYM   0      0      00000000 100    char:t(0,2)=r(0,2);0;127;
951    LSYM   0      0      00000000 126    long int:t(0,3)=r(0,3);-2147483648;2147483647;
952    LSYM   0      0      00000000 173    unsigned int:t(0,4)=r(0,4);0;4294967295;
953    LSYM   0      0      00000000 214    long unsigned int:t(0,5)=r(0,5);0;4294967295;
954    LSYM   0      0      00000000 260    long long int:t(0,6)=r(0,6);-0;4294967295;
955    LSYM   0      0      00000000 303    long long unsigned int:t(0,7)=r(0,7);0;-1;
956    LSYM   0      0      00000000 346    short int:t(0,8)=r(0,8);-32768;32767;
957    LSYM   0      0      00000000 384    short unsigned int:t(0,9)=r(0,9);0;65535;
958    LSYM   0      0      00000000 426    signed char:t(0,10)=r(0,10);-128;127;
959    LSYM   0      0      00000000 464    unsigned char:t(0,11)=r(0,11);0;255;
960    LSYM   0      0      00000000 501    float:t(0,12)=r(0,1);4;0;
961    LSYM   0      0      00000000 527    double:t(0,13)=r(0,1);8;0;
962    LSYM   0      0      00000000 554    long double:t(0,14)=r(0,1);12;0;
963    LSYM   0      0      00000000 587    _Decimal32:t(0,15)=r(0,1);4;0;
964    LSYM   0      0      00000000 618    _Decimal64:t(0,16)=r(0,1);8;0;
965    LSYM   0      0      00000000 649    _Decimal128:t(0,17)=r(0,1);16;0;
966    LSYM   0      0      00000000 682    void:t(0,18)=(0,18)
967    EXCL   0      0      00000000 702    ./inc/stdio.h
968    EXCL   0      0      00000650 716    ./inc/stdarg.h
969    FUN    0      0      f01013d0 5745   readline:F(2,2)
970    PSYM   0      0      00000008 5761   prompt:p(0,19)=*(0,2)
971    SLINE  0      9      00000000 0      
972    SLINE  0      12     0000000c 0      
973    SLINE  0      13     00000010 0      
974    SLINE  0      16     00000020 0      
975    SLINE  0      18     00000033 0      
976    SLINE  0      19     0000003a 0      
977    SLINE  0      20     0000003e 0      
978    SLINE  0      21     00000053 0      
979    SLINE  0      22     00000055 0      
980    SLINE  0      23     00000066 0      
981    SLINE  0      24     0000006a 0      
982    SLINE  0      25     00000076 0      
983    SLINE  0      22     00000079 0      
984    SLINE  0      26     0000007b 0      
985    SLINE  0      27     0000008a 0      
986    SLINE  0      28     00000092 0      
987    SLINE  0      29     0000009a 0      
988    SLINE  0      30     000000a5 0      
989    SLINE  0      31     000000af 0      
990    SLINE  0      32     000000b3 0      
991    SLINE  0      33     000000bf 0      
992    SLINE  0      37     000000cb 0      
993    RSYM   0      0      00000006 3198   i:r(0,1)
994    RSYM   0      0      00000003 3066   c:r(0,1)
995    RSYM   0      0      00000007 5783   echoing:r(0,1)
996    RSYM   0      0      00000000 5798   prompt:r(0,19)
997    LBRAC  0      0      00000000 0      
998    RBRAC  0      0      000000d3 0      
999    LCSYM  0      0      f0110580 5813   buf:S(0,20)=ar(0,21)=r(0,21);0;-1;;0;1023;(0,2)
1000   SO     0      0      f01014a3 0      
1001   SO     0      2      f01014b0 5861   lib/string.c
1002   OPT    0      0      00000000 43     gcc2_compiled.
1003   LSYM   0      0      00000000 58     int:t(0,1)=r(0,1);-2147483648;2147483647;
1004   LSYM   0      0      00000000 100    char:t(0,2)=r(0,2);0;127;
1005   LSYM   0      0      00000000 126    long int:t(0,3)=r(0,3);-2147483648;2147483647;
1006   LSYM   0      0      00000000 173    unsigned int:t(0,4)=r(0,4);0;4294967295;
1007   LSYM   0      0      00000000 214    long unsigned int:t(0,5)=r(0,5);0;4294967295;
1008   LSYM   0      0      00000000 260    long long int:t(0,6)=r(0,6);-0;4294967295;
1009   LSYM   0      0      00000000 303    long long unsigned int:t(0,7)=r(0,7);0;-1;
1010   LSYM   0      0      00000000 346    short int:t(0,8)=r(0,8);-32768;32767;
1011   LSYM   0      0      00000000 384    short unsigned int:t(0,9)=r(0,9);0;65535;
1012   LSYM   0      0      00000000 426    signed char:t(0,10)=r(0,10);-128;127;
1013   LSYM   0      0      00000000 464    unsigned char:t(0,11)=r(0,11);0;255;
1014   LSYM   0      0      00000000 501    float:t(0,12)=r(0,1);4;0;
1015   LSYM   0      0      00000000 527    double:t(0,13)=r(0,1);8;0;
1016   LSYM   0      0      00000000 554    long double:t(0,14)=r(0,1);12;0;
1017   LSYM   0      0      00000000 587    _Decimal32:t(0,15)=r(0,1);4;0;
1018   LSYM   0      0      00000000 618    _Decimal64:t(0,16)=r(0,1);8;0;
1019   LSYM   0      0      00000000 649    _Decimal128:t(0,17)=r(0,1);16;0;
1020   LSYM   0      0      00000000 682    void:t(0,18)=(0,18)
1021   EXCL   0      0      00000000 759    ./inc/string.h
1022   EXCL   0      0      00005337 774    ./inc/types.h
1023   FUN    0      0      f01014b0 5874   strlen:F(0,1)
1024   PSYM   0      0      00000008 5888   s:p(0,19)=*(0,2)
1025   SLINE  0      13     00000000 0      
1026   SLINE  0      16     00000006 0      
1027   SLINE  0      17     00000010 0      
1028   SLINE  0      16     00000013 0      
1029   SLINE  0      19     00000019 0      
1030   RSYM   0      0      00000000 5623   n:r(0,1)
1031   RSYM   0      0      00000002 5905   s:r(0,19)
1032   LBRAC  0      0      00000000 0      
1033   RBRAC  0      0      0000001b 0      
1034   FUN    0      0      f01014cb 5915   strnlen:F(0,1)
1035   PSYM   0      0      00000008 5930   s:p(0,19)
1036   PSYM   0      0      0000000c 5940   size:p(2,14)
1037   SLINE  0      23     00000000 0      
1038   SLINE  0      26     0000000a 0      
1039   SLINE  0      27     00000018 0      
1040   SLINE  0      26     0000001b 0      
1041   SLINE  0      29     0000002c 0      
1042   RSYM   0      0      00000000 5623   n:r(0,1)
1043   RSYM   0      0      00000003 5905   s:r(0,19)
1044   RSYM   0      0      00000001 5953   size:r(2,14)
1045   LBRAC  0      0      00000000 0      
1046   RBRAC  0      0      0000002f 0      
1047   FUN    0      0      f01014fa 5966   strcpy:F(0,20)=*(0,2)
1048   PSYM   0      0      00000008 5988   dst:p(0,20)
1049   PSYM   0      0      0000000c 6000   src:p(0,19)
1050   SLINE  0      33     00000000 0      
1051   SLINE  0      33     0000000a 0      
1052   SLINE  0      37     0000000f 0      
1053   SLINE  0      40     0000001d 0      
1054   RSYM   0      0      00000000 6012   dst:r(0,20)
1055   RSYM   0      0      00000003 6024   src:r(0,19)
1056   FUN    0      0      f010151a 6036   strncpy:F(0,20)
1057   PSYM   0      0      00000008 5988   dst:p(0,20)
1058   PSYM   0      0      0000000c 6000   src:p(0,19)
1059   PSYM   0      0      00000010 5940   size:p(2,14)
1060   SLINE  0      43     00000000 0      
1061   SLINE  0      48     0000000e 0      
1062   SLINE  0      49     00000017 0      
1063   SLINE  0      52     0000001d 0      
1064   SLINE  0      48     00000023 0      
1065   SLINE  0      55     0000002a 0      
1066   RSYM   0      0      00000001 6052   i:r(2,14)
1067   RSYM   0      0      00000000 6012   dst:r(0,20)
1068   RSYM   0      0      00000002 6024   src:r(0,19)
1069   RSYM   0      0      00000006 5953   size:r(2,14)
1070   LBRAC  0      0      00000000 0      
1071   RBRAC  0      0      0000002e 0      
1072   FUN    0      0      f0101548 6062   strlcpy:F(2,14)
1073   PSYM   0      0      00000008 5988   dst:p(0,20)
1074   PSYM   0      0      0000000c 6000   src:p(0,19)
1075   PSYM   0      0      00000010 5940   size:p(2,14)
1076   SLINE  0      59     00000000 0      
1077   SLINE  0      63     0000000e 0      
1078   SLINE  0      64     00000014 0      
1079   SLINE  0      65     00000020 0      
1080   SLINE  0      64     00000025 0      
1081   SLINE  0      65     0000002a 0      
1082   SLINE  0      64     0000002d 0      
1083   SLINE  0      66     00000038 0      
1084   SLINE  0      69     0000003d 0      
1085   RSYM   0      0      00000006 6012   dst:r(0,20)
1086   RSYM   0      0      00000002 6024   src:r(0,19)
1087   RSYM   0      0      00000001 5953   size:r(2,14)
1088   FUN    0      0      f0101589 6078   strcmp:F(0,1)
1089   PSYM   0      0      00000008 6092   p:p(0,19)
1090   PSYM   0      0      0000000c 6102   q:p(0,19)
1091   SLINE  0      73     00000000 0      
1092   SLINE  0      74     00000009 0      
1093   SLINE  0      75     00000014 0      
1094   SLINE  0      74     0000001a 0      
1095   SLINE  0      77     0000002d 0      
1096   RSYM   0      0      00000001 6112   p:r(0,19)
1097   RSYM   0      0      00000002 6122   q:r(0,19)
1098   FUN    0      0      f01015b8 6132   strncmp:F(0,1)
1099   PSYM   0      0      00000008 6092   p:p(0,19)
1100   PSYM   0      0      0000000c 6102   q:p(0,19)
1101   PSYM   0      0      00000010 6147   n:p(2,14)
1102   SLINE  0      81     00000000 0      
1103   SLINE  0      82     0000000d 0      
1104   SLINE  0      83     00000021 0      
1105   SLINE  0      82     00000027 0      
1106   SLINE  0      88     00000039 0      
1107   SLINE  0      87     0000003c 0      
1108   RSYM   0      0      00000002 6112   p:r(0,19)
1109   RSYM   0      0      00000001 6122   q:r(0,19)
1110   RSYM   0      0      00000000 6157   n:r(2,14)
1111   FUN    0      0      f01015fe 6167   strchr:F(0,20)
1112   PSYM   0      0      00000008 5930   s:p(0,19)
1113   PSYM   0      0      0000000c 3224   c:p(0,1)
1114   SLINE  0      94     00000000 0      
1115   SLINE  0      95     0000000a 0      
1116   SLINE  0      96     00000011 0      
1117   SLINE  0      95     0000001c 0      
1118   SLINE  0      99     0000002b 0      
1119   RSYM   0      0      00000000 5905   s:r(0,19)
1120   RSYM   0      0      00000001 6182   c:r(0,2)
1121   FUN    0      0      f010162b 6191   strfind:F(0,20)
1122   PSYM   0      0      00000008 5930   s:p(0,19)
1123   PSYM   0      0      0000000c 3224   c:p(0,1)
1124   SLINE  0      105    00000000 0      
1125   SLINE  0      106    0000000a 0      
1126   SLINE  0      107    00000011 0      
1127   SLINE  0      106    0000001f 0      
1128   SLINE  0      110    00000029 0      
1129   RSYM   0      0      00000000 5905   s:r(0,19)
1130   RSYM   0      0      00000001 6182   c:r(0,2)
1131   FUN    0      0      f0101656 6207   memset:F(0,21)=*(0,18)
1132   PSYM   0      0      00000008 6230   v:p(0,21)
1133   PSYM   0      0      0000000c 3224   c:p(0,1)
1134   PSYM   0      0      00000010 6147   n:p(2,14)
1135   SLINE  0      115    00000000 0      
1136   SLINE  0      118    0000001a 0      
1137   SLINE  0      120    0000001e 0      
1138   SLINE  0      121    0000002b 0      
1139   SLINE  0      122    0000002e 0      
1140   SLINE  0      123    00000041 0      
1141   SLINE  0      120    00000049 0      
1142   SLINE  0      127    0000004b 0      
1143   SLINE  0      131    0000004e 0      
1144   RSYM   0      0      00000007 6240   v:r(0,21)
1145   RSYM   0      0      00000000 3066   c:r(0,1)
1146   RSYM   0      0      00000001 6157   n:r(2,14)
1147   FUN    0      0      f01016b5 6250   memmove:F(0,21)
1148   PSYM   0      0      00000008 6266   dst:p(0,21)
1149   PSYM   0      0      0000000c 6278   src:p(0,22)=*(0,18)
1150   PSYM   0      0      00000010 6147   n:p(2,14)
1151   SLINE  0      135    00000000 0      
1152   SLINE  0      139    00000013 0      
1153   SLINE  0      140    00000016 0      
1154   SLINE  0      141    00000018 0      
1155   SLINE  0      143    00000023 0      
1156   SLINE  0      144    00000025 0      
1157   SLINE  0      145    00000037 0      
1158   SLINE  0      144    00000043 0      
1159   SLINE  0      148    00000045 0      
1160   SLINE  0      151    0000004e 0      
1161   SLINE  0      141    0000004f 0      
1162   SLINE  0      153    00000051 0      
1163   SLINE  0      154    00000066 0      
1164   SLINE  0      153    0000006c 0      
1165   SLINE  0      157    0000006e 0      
1166   SLINE  0      161    00000071 0      
1167   RSYM   0      0      00000006 5905   s:r(0,19)
1168   RSYM   0      0      00000007 6298   d:r(0,20)
1169   RSYM   0      0      00000000 6308   dst:r(0,21)
1170   RSYM   0      0      00000001 6157   n:r(2,14)
1171   LBRAC  0      0      00000000 0      
1172   RBRAC  0      0      0000007c 0      
1173   FUN    0      0      f0101731 6320   memcpy:F(0,21)
1174   PSYM   0      0      00000008 6266   dst:p(0,21)
1175   PSYM   0      0      0000000c 6335   src:p(0,21)
1176   PSYM   0      0      00000010 6147   n:p(2,14)
1177   SLINE  0      206    00000000 0      
1178   SLINE  0      207    00000006 0      
1179   SLINE  0      208    0000001f 0      
1180   RSYM   0      0      00000000 6308   dst:r(0,21)
1181   RSYM   0      0      00000000 6347   src:r(0,21)
1182   RSYM   0      0      00000000 6157   n:r(2,14)
1183   FUN    0      0      f0101752 6359   memcmp:F(0,1)
1184   PSYM   0      0      00000008 6373   v1:p(0,22)
1185   PSYM   0      0      0000000c 6384   v2:p(0,22)
1186   PSYM   0      0      00000010 6147   n:p(2,14)
1187   SLINE  0      212    00000000 0      
1188   SLINE  0      216    0000000f 0      
1189   SLINE  0      217    00000013 0      
1190   SLINE  0      218    00000033 0      
1191   SLINE  0      216    0000003d 0      
1192   SLINE  0      223    0000004e 0      
1193   RSYM   0      0      00000006 6395   v1:r(0,22)
1194   RSYM   0      0      00000007 6406   v2:r(0,22)
1195   RSYM   0      0      00000001 6157   n:r(2,14)
1196   FUN    0      0      f01017a5 6417   memfind:F(0,21)
1197   PSYM   0      0      00000008 6433   s:p(0,22)
1198   PSYM   0      0      0000000c 3224   c:p(0,1)
1199   PSYM   0      0      00000010 6147   n:p(2,14)
1200   SLINE  0      227    00000000 0      
1201   SLINE  0      228    00000006 0      
1202   SLINE  0      229    0000000b 0      
1203   SLINE  0      230    0000000f 0      
1204   SLINE  0      229    0000001d 0      
1205   SLINE  0      233    00000024 0      
1206   RSYM   0      0      00000002 6443   ends:r(0,22)
1207   RSYM   0      0      00000000 6456   s:r(0,22)
1208   LBRAC  0      0      00000000 0      
1209   RBRAC  0      0      00000026 0      
1210   FUN    0      0      f01017cb 6466   strtol:F(0,3)
1211   PSYM   0      0      00000008 5930   s:p(0,19)
1212   PSYM   0      0      0000000c 6480   endptr:p(0,23)=*(0,20)
1213   PSYM   0      0      00000010 6503   base:p(0,1)
1214   SLINE  0      237    00000000 0      
1215   SLINE  0      242    0000000f 0      
1216   SLINE  0      243    0000001a 0      
1217   SLINE  0      242    0000001d 0      
1218   SLINE  0      246    00000028 0      
1219   SLINE  0      247    0000002c 0      
1220   SLINE  0      248    00000038 0      
1221   SLINE  0      249    00000043 0      
1222   SLINE  0      252    0000004d 0      
1223   SLINE  0      253    00000067 0      
1224   SLINE  0      252    0000006f 0      
1225   SLINE  0      254    00000071 0      
1226   SLINE  0      255    00000081 0      
1227   SLINE  0      254    00000086 0      
1228   SLINE  0      263    0000008d 0      
1229   SLINE  0      264    0000009a 0      
1230   SLINE  0      265    000000a2 0      
1231   SLINE  0      266    000000aa 0      
1232   SLINE  0      267    000000b2 0      
1233   SLINE  0      268    000000ba 0      
1234   SLINE  0      271    000000c0 0      
1235   SLINE  0      273    000000c4 0      
1236   SLINE  0      275    000000cd 0      
1237   SLINE  0      277    000000d1 0      
1238   SLINE  0      278    000000d7 0      
1239   SLINE  0      279    000000dc 0      
1240   SLINE  0      280    000000e6 0      
1241   LSYM   0      0      fffffff0 6515   neg:(0,1)
1242   RSYM   0      0      00000000 6525   val:r(0,3)
1243   RSYM   0      0      00000002 5905   s:r(0,19)
1244   RSYM   0      0      00000003 5435   base:r(0,1)
1245   LBRAC  0      0      00000000 0      
1246   RSYM   0      0      00000001 6536   dig:r(0,1)
1247   LBRAC  0      0      0000008d 0      
1248   RBRAC  0      0      000000cd 0      
1249   RBRAC  0      0      000000ee 0      
1250   SO     0      0      f01018b9 0      
1251   153    57     1      00000000 0      

